<?xml version="1.0" encoding="UTF-8"?>
<!-- Generated by org.testng.reporters.JUnitReportReporter -->
<testsuite hostname="DESKTOP-5FSEJQS" failures="0" tests="1" name="coverFoxTest.CF_TC555_Validate_search_results_for_healthcare_policies" time="38.928" errors="0" timestamp="2024-01-18T17:19:25 IST" skipped="0">
  <testcase classname="coverFoxTest.CF_TC555_Validate_search_results_for_healthcare_policies" name="validateTestPlansFromTextAndBanners" time="38.928">
    <system-out>
      <![CDATA[TC validateTestPlansFromTextAndBanners execution is started
Fetching number of results from text 
Fetching number of results from Banners 
TC is passed 
Saved Screenshot atE:\Selenium_Notes\screenshot\coverFoxCF_TC555_2024.01.18.17.19.01.png
TC validateTestPlansFromTextAndBanners is completed sucessfully]]>
    </system-out>
  </testcase> <!-- validateTestPlansFromTextAndBanners -->
  <system-out>
    <![CDATA[Launching browser
Reading data from Excel 
Reading data from Excel 
TC validatePinCodeErrorMsg execution is started
TC validatePinCodeErrorMsg is completed sucessfully
Closing browser 
Launching browser
clicking on gender button 
clicking on next button 
Handeling age drop down 
Reading data from Excel 
Clicking on next button 
Entering pin code 
Reading data from Excel 
Entering mobile num 
Reading data from Excel 
Clicking on continue button 
TC validateTestPlansFromTextAndBanners execution is started
Fetching number of results from text 
Fetching number of results from Banners 
TC is passed 
Saved Screenshot atE:\Selenium_Notes\screenshot\coverFoxCF_TC555_2024.01.18.17.19.01.png
TC validateTestPlansFromTextAndBanners is completed sucessfully
Closing browser ]]>
  </system-out>
</testsuite> <!-- coverFoxTest.CF_TC555_Validate_search_results_for_healthcare_policies -->
